[0807/001404.512:ERROR:process_reader_win.cc(151)] SuspendThread: Access is denied. (0x5)
[0807/001404.514:ERROR:process_reader_win.cc(123)] NtOpenThread: {Access Denied} A process has requested access to an object, but has not been granted those access rights. (0xc0000022)
[0807/001404.515:ERROR:exception_snapshot_win.cc(98)] thread ID 1988 not found in process
[0807/001404.540:ERROR:process_reader_win.cc(151)] SuspendThread: Access is denied. (0x5)
[0807/001404.540:ERROR:process_reader_win.cc(123)] NtOpenThread: {Access Denied} A process has requested access to an object, but has not been granted those access rights. (0xc0000022)
[0807/001404.540:ERROR:exception_snapshot_win.cc(98)] thread ID 13020 not found in process
[0807/001406.295:ERROR:process_reader_win.cc(151)] SuspendThread: Access is denied. (0x5)
[0807/001406.295:ERROR:process_reader_win.cc(151)] SuspendThread: Access is denied. (0x5)
[0807/001406.295:ERROR:process_reader_win.cc(151)] SuspendThread: Access is denied. (0x5)
[0807/001406.295:ERROR:process_reader_win.cc(151)] SuspendThread: Access is denied. (0x5)
[0807/001406.295:ERROR:process_reader_win.cc(151)] SuspendThread: Access is denied. (0x5)
[0807/001406.295:ERROR:process_reader_win.cc(151)] SuspendThread: Access is denied. (0x5)
[0807/001406.295:ERROR:process_reader_win.cc(151)] SuspendThread: Access is denied. (0x5)
[0807/001406.295:ERROR:process_reader_win.cc(151)] SuspendThread: Access is denied. (0x5)
[0807/001406.295:ERROR:process_reader_win.cc(151)] SuspendThread: Access is denied. (0x5)
[0807/001406.295:ERROR:process_reader_win.cc(151)] SuspendThread: Access is denied. (0x5)
[0807/001406.295:ERROR:process_reader_win.cc(151)] SuspendThread: Access is denied. (0x5)
[0807/001406.295:ERROR:process_reader_win.cc(151)] SuspendThread: Access is denied. (0x5)
[0807/001406.295:ERROR:process_reader_win.cc(151)] SuspendThread: Access is denied. (0x5)
[0807/001406.295:ERROR:process_reader_win.cc(123)] NtOpenThread: {Access Denied} A process has requested access to an object, but has not been granted those access rights. (0xc0000022)
[0807/001406.295:ERROR:exception_snapshot_win.cc(98)] thread ID 13308 not found in process
[0807/001406.329:ERROR:process_reader_win.cc(151)] SuspendThread: Access is denied. (0x5)
[0807/001406.329:ERROR:process_reader_win.cc(151)] SuspendThread: Access is denied. (0x5)
[0807/001406.329:ERROR:process_reader_win.cc(151)] SuspendThread: Access is denied. (0x5)
[0807/001406.329:ERROR:process_reader_win.cc(151)] SuspendThread: Access is denied. (0x5)
[0807/001406.329:ERROR:process_reader_win.cc(151)] SuspendThread: Access is denied. (0x5)
[0807/001406.329:ERROR:process_reader_win.cc(151)] SuspendThread: Access is denied. (0x5)
[0807/001406.329:ERROR:process_reader_win.cc(151)] SuspendThread: Access is denied. (0x5)
[0807/001406.329:ERROR:process_reader_win.cc(151)] SuspendThread: Access is denied. (0x5)
[0807/001406.329:ERROR:process_reader_win.cc(151)] SuspendThread: Access is denied. (0x5)
[0807/001406.329:ERROR:process_reader_win.cc(151)] SuspendThread: Access is denied. (0x5)
[0807/001406.329:ERROR:process_reader_win.cc(151)] SuspendThread: Access is denied. (0x5)
[0807/001406.329:ERROR:process_reader_win.cc(123)] NtOpenThread: {Access Denied} A process has requested access to an object, but has not been granted those access rights. (0xc0000022)
[0807/001406.330:ERROR:exception_snapshot_win.cc(98)] thread ID 1900 not found in process
[0807/001406.408:ERROR:process_reader_win.cc(151)] SuspendThread: Access is denied. (0x5)
[0807/001406.408:ERROR:process_reader_win.cc(151)] SuspendThread: Access is denied. (0x5)
[0807/001406.408:ERROR:process_reader_win.cc(151)] SuspendThread: Access is denied. (0x5)
[0807/001406.408:ERROR:process_reader_win.cc(151)] SuspendThread: Access is denied. (0x5)
[0807/001406.408:ERROR:process_reader_win.cc(151)] SuspendThread: Access is denied. (0x5)
[0807/001406.408:ERROR:process_reader_win.cc(151)] SuspendThread: Access is denied. (0x5)
[0807/001406.408:ERROR:process_reader_win.cc(151)] SuspendThread: Access is denied. (0x5)
[0807/001406.408:ERROR:process_reader_win.cc(151)] SuspendThread: Access is denied. (0x5)
[0807/001406.408:ERROR:process_reader_win.cc(151)] SuspendThread: Access is denied. (0x5)
[0807/001406.408:ERROR:process_reader_win.cc(123)] NtOpenThread: {Access Denied} A process has requested access to an object, but has not been granted those access rights. (0xc0000022)
[0807/001406.408:ERROR:exception_snapshot_win.cc(98)] thread ID 20016 not found in process
[0807/001406.485:ERROR:process_reader_win.cc(151)] SuspendThread: Access is denied. (0x5)
[0807/001406.485:ERROR:process_reader_win.cc(151)] SuspendThread: Access is denied. (0x5)
[0807/001406.485:ERROR:process_reader_win.cc(151)] SuspendThread: Access is denied. (0x5)
[0807/001406.485:ERROR:process_reader_win.cc(151)] SuspendThread: Access is denied. (0x5)
[0807/001406.486:ERROR:process_reader_win.cc(151)] SuspendThread: Access is denied. (0x5)
[0807/001406.486:ERROR:process_reader_win.cc(151)] SuspendThread: Access is denied. (0x5)
[0807/001406.486:ERROR:process_reader_win.cc(151)] SuspendThread: Access is denied. (0x5)
[0807/001406.486:ERROR:process_reader_win.cc(151)] SuspendThread: Access is denied. (0x5)
[0807/001406.486:ERROR:process_reader_win.cc(151)] SuspendThread: Access is denied. (0x5)
[0807/001406.486:ERROR:process_reader_win.cc(151)] SuspendThread: Access is denied. (0x5)
[0807/001406.486:ERROR:process_reader_win.cc(151)] SuspendThread: Access is denied. (0x5)
[0807/001406.486:ERROR:process_reader_win.cc(123)] NtOpenThread: {Access Denied} A process has requested access to an object, but has not been granted those access rights. (0xc0000022)
[0807/001406.486:ERROR:exception_snapshot_win.cc(98)] thread ID 672 not found in process
[0807/001406.513:ERROR:process_reader_win.cc(151)] SuspendThread: Access is denied. (0x5)
[0807/001406.513:ERROR:process_reader_win.cc(151)] SuspendThread: Access is denied. (0x5)
[0807/001406.513:ERROR:process_reader_win.cc(151)] SuspendThread: Access is denied. (0x5)
[0807/001406.513:ERROR:process_reader_win.cc(151)] SuspendThread: Access is denied. (0x5)
[0807/001406.513:ERROR:process_reader_win.cc(151)] SuspendThread: Access is denied. (0x5)
[0807/001406.513:ERROR:process_reader_win.cc(151)] SuspendThread: Access is denied. (0x5)
[0807/001406.513:ERROR:process_reader_win.cc(151)] SuspendThread: Access is denied. (0x5)
[0807/001406.514:ERROR:process_reader_win.cc(151)] SuspendThread: Access is denied. (0x5)
[0807/001406.514:ERROR:process_reader_win.cc(151)] SuspendThread: Access is denied. (0x5)
[0807/001406.514:ERROR:process_reader_win.cc(151)] SuspendThread: Access is denied. (0x5)
[0807/001406.514:ERROR:process_reader_win.cc(151)] SuspendThread: Access is denied. (0x5)
[0807/001406.514:ERROR:process_reader_win.cc(123)] NtOpenThread: {Access Denied} A process has requested access to an object, but has not been granted those access rights. (0xc0000022)
[0807/001406.514:ERROR:exception_snapshot_win.cc(98)] thread ID 3092 not found in process
[0807/001406.607:ERROR:process_reader_win.cc(151)] SuspendThread: Access is denied. (0x5)
[0807/001406.607:ERROR:process_reader_win.cc(151)] SuspendThread: Access is denied. (0x5)
[0807/001406.607:ERROR:process_reader_win.cc(151)] SuspendThread: Access is denied. (0x5)
[0807/001406.607:ERROR:process_reader_win.cc(151)] SuspendThread: Access is denied. (0x5)
[0807/001406.607:ERROR:process_reader_win.cc(151)] SuspendThread: Access is denied. (0x5)
[0807/001406.607:ERROR:process_reader_win.cc(151)] SuspendThread: Access is denied. (0x5)
[0807/001406.607:ERROR:process_reader_win.cc(151)] SuspendThread: Access is denied. (0x5)
[0807/001406.607:ERROR:process_reader_win.cc(151)] SuspendThread: Access is denied. (0x5)
[0807/001406.607:ERROR:process_reader_win.cc(151)] SuspendThread: Access is denied. (0x5)
[0807/001406.607:ERROR:process_reader_win.cc(151)] SuspendThread: Access is denied. (0x5)
[0807/001406.607:ERROR:process_reader_win.cc(123)] NtOpenThread: {Access Denied} A process has requested access to an object, but has not been granted those access rights. (0xc0000022)
[0807/001406.607:ERROR:exception_snapshot_win.cc(98)] thread ID 15044 not found in process
[0807/001406.704:ERROR:process_reader_win.cc(151)] SuspendThread: Access is denied. (0x5)
[0807/001406.705:ERROR:process_reader_win.cc(151)] SuspendThread: Access is denied. (0x5)
[0807/001406.705:ERROR:process_reader_win.cc(151)] SuspendThread: Access is denied. (0x5)
[0807/001406.705:ERROR:process_reader_win.cc(151)] SuspendThread: Access is denied. (0x5)
[0807/001406.705:ERROR:process_reader_win.cc(151)] SuspendThread: Access is denied. (0x5)
[0807/001406.705:ERROR:process_reader_win.cc(151)] SuspendThread: Access is denied. (0x5)
[0807/001406.705:ERROR:process_reader_win.cc(151)] SuspendThread: Access is denied. (0x5)
[0807/001406.705:ERROR:process_reader_win.cc(151)] SuspendThread: Access is denied. (0x5)
[0807/001406.705:ERROR:process_reader_win.cc(151)] SuspendThread: Access is denied. (0x5)
[0807/001406.705:ERROR:process_reader_win.cc(151)] SuspendThread: Access is denied. (0x5)
[0807/001406.705:ERROR:process_reader_win.cc(151)] SuspendThread: Access is denied. (0x5)
[0807/001406.705:ERROR:process_reader_win.cc(123)] NtOpenThread: {Access Denied} A process has requested access to an object, but has not been granted those access rights. (0xc0000022)
[0807/001406.705:ERROR:exception_snapshot_win.cc(98)] thread ID 21480 not found in process
[1213/153814.340:ERROR:directory_reader_win.cc(43)] FindFirstFile: The system cannot find the path specified. (0x3)
[1215/155844.449:ERROR:directory_reader_win.cc(43)] FindFirstFile: The system cannot find the path specified. (0x3)
[1215/214617.746:ERROR:process_reader_win.cc(151)] SuspendThread: Access is denied. (0x5)
[1215/214617.746:ERROR:process_reader_win.cc(151)] SuspendThread: Access is denied. (0x5)
[1215/214617.746:ERROR:process_reader_win.cc(123)] NtOpenThread: {Access Denied} A process has requested access to an object, but has not been granted those access rights. (0xc0000022)
[1215/214617.747:ERROR:exception_snapshot_win.cc(99)] thread ID 1212 not found in process
[1215/214617.752:ERROR:process_reader_win.cc(151)] SuspendThread: Access is denied. (0x5)
[1215/214617.752:ERROR:process_reader_win.cc(151)] SuspendThread: Access is denied. (0x5)
[1215/214617.752:ERROR:process_reader_win.cc(123)] NtOpenThread: {Access Denied} A process has requested access to an object, but has not been granted those access rights. (0xc0000022)
[1215/214617.752:ERROR:exception_snapshot_win.cc(99)] thread ID 31540 not found in process
[1215/214618.028:ERROR:process_reader_win.cc(151)] SuspendThread: Access is denied. (0x5)
[1215/214618.028:ERROR:process_reader_win.cc(151)] SuspendThread: Access is denied. (0x5)
[1215/214618.028:ERROR:process_reader_win.cc(151)] SuspendThread: Access is denied. (0x5)
[1215/214618.028:ERROR:process_reader_win.cc(151)] SuspendThread: Access is denied. (0x5)
[1215/214618.028:ERROR:process_reader_win.cc(151)] SuspendThread: Access is denied. (0x5)
[1215/214618.028:ERROR:process_reader_win.cc(151)] SuspendThread: Access is denied. (0x5)
[1215/214618.028:ERROR:process_reader_win.cc(151)] SuspendThread: Access is denied. (0x5)
[1215/214618.028:ERROR:process_reader_win.cc(123)] NtOpenThread: {Access Denied} A process has requested access to an object, but has not been granted those access rights. (0xc0000022)
[1215/214618.028:ERROR:exception_snapshot_win.cc(99)] thread ID 23900 not found in process
[1215/214618.080:ERROR:process_reader_win.cc(151)] SuspendThread: Access is denied. (0x5)
[1215/214618.080:ERROR:process_reader_win.cc(151)] SuspendThread: Access is denied. (0x5)
[1215/214618.080:ERROR:process_reader_win.cc(151)] SuspendThread: Access is denied. (0x5)
[1215/214618.080:ERROR:process_reader_win.cc(151)] SuspendThread: Access is denied. (0x5)
[1215/214618.080:ERROR:process_reader_win.cc(123)] NtOpenThread: {Access Denied} A process has requested access to an object, but has not been granted those access rights. (0xc0000022)
[1215/214618.080:ERROR:exception_snapshot_win.cc(99)] thread ID 17108 not found in process
[1215/214618.117:ERROR:process_reader_win.cc(151)] SuspendThread: Access is denied. (0x5)
[1215/214618.117:ERROR:process_reader_win.cc(151)] SuspendThread: Access is denied. (0x5)
[1215/214618.117:ERROR:process_reader_win.cc(151)] SuspendThread: Access is denied. (0x5)
[1215/214618.117:ERROR:process_reader_win.cc(151)] SuspendThread: Access is denied. (0x5)
[1215/214618.117:ERROR:process_reader_win.cc(123)] NtOpenThread: {Access Denied} A process has requested access to an object, but has not been granted those access rights. (0xc0000022)
[1215/214618.117:ERROR:exception_snapshot_win.cc(99)] thread ID 4724 not found in process
[1215/214618.143:ERROR:process_reader_win.cc(151)] SuspendThread: Access is denied. (0x5)
[1215/214618.143:ERROR:process_reader_win.cc(151)] SuspendThread: Access is denied. (0x5)
[1215/214618.143:ERROR:process_reader_win.cc(151)] SuspendThread: Access is denied. (0x5)
[1215/214618.143:ERROR:process_reader_win.cc(151)] SuspendThread: Access is denied. (0x5)
[1215/214618.143:ERROR:process_reader_win.cc(151)] SuspendThread: Access is denied. (0x5)
[1215/214618.143:ERROR:process_reader_win.cc(151)] SuspendThread: Access is denied. (0x5)
[1215/214618.143:ERROR:process_reader_win.cc(151)] SuspendThread: Access is denied. (0x5)
[1215/214618.143:ERROR:process_reader_win.cc(151)] SuspendThread: Access is denied. (0x5)
[1215/214618.143:ERROR:process_reader_win.cc(151)] SuspendThread: Access is denied. (0x5)
[1215/214618.143:ERROR:process_reader_win.cc(151)] SuspendThread: Access is denied. (0x5)
[1215/214618.143:ERROR:process_reader_win.cc(123)] NtOpenThread: {Access Denied} A process has requested access to an object, but has not been granted those access rights. (0xc0000022)
[1215/214618.143:ERROR:exception_snapshot_win.cc(99)] thread ID 13520 not found in process
[1215/214618.201:ERROR:process_reader_win.cc(151)] SuspendThread: Access is denied. (0x5)
[1215/214618.202:ERROR:process_reader_win.cc(151)] SuspendThread: Access is denied. (0x5)
[1215/214618.202:ERROR:process_reader_win.cc(151)] SuspendThread: Access is denied. (0x5)
[1215/214618.202:ERROR:process_reader_win.cc(151)] SuspendThread: Access is denied. (0x5)
[1215/214618.202:ERROR:process_reader_win.cc(151)] SuspendThread: Access is denied. (0x5)
[1215/214618.202:ERROR:process_reader_win.cc(123)] NtOpenThread: {Access Denied} A process has requested access to an object, but has not been granted those access rights. (0xc0000022)
[1215/214618.202:ERROR:exception_snapshot_win.cc(99)] thread ID 32352 not found in process
[1215/214618.229:ERROR:process_reader_win.cc(151)] SuspendThread: Access is denied. (0x5)
[1215/214618.229:ERROR:process_reader_win.cc(151)] SuspendThread: Access is denied. (0x5)
[1215/214618.229:ERROR:process_reader_win.cc(151)] SuspendThread: Access is denied. (0x5)
[1215/214618.229:ERROR:process_reader_win.cc(151)] SuspendThread: Access is denied. (0x5)
[1215/214618.229:ERROR:process_reader_win.cc(151)] SuspendThread: Access is denied. (0x5)
[1215/214618.229:ERROR:process_reader_win.cc(123)] NtOpenThread: {Access Denied} A process has requested access to an object, but has not been granted those access rights. (0xc0000022)
[1215/214618.229:ERROR:exception_snapshot_win.cc(99)] thread ID 24824 not found in process
[1215/214618.264:ERROR:process_reader_win.cc(151)] SuspendThread: Access is denied. (0x5)
[1215/214618.264:ERROR:process_reader_win.cc(151)] SuspendThread: Access is denied. (0x5)
[1215/214618.264:ERROR:process_reader_win.cc(151)] SuspendThread: Access is denied. (0x5)
[1215/214618.264:ERROR:process_reader_win.cc(151)] SuspendThread: Access is denied. (0x5)
[1215/214618.264:ERROR:process_reader_win.cc(151)] SuspendThread: Access is denied. (0x5)
[1215/214618.264:ERROR:process_reader_win.cc(151)] SuspendThread: Access is denied. (0x5)
[1215/214618.264:ERROR:process_reader_win.cc(123)] NtOpenThread: {Access Denied} A process has requested access to an object, but has not been granted those access rights. (0xc0000022)
[1215/214618.264:ERROR:exception_snapshot_win.cc(99)] thread ID 26592 not found in process
[1215/214618.282:ERROR:process_reader_win.cc(151)] SuspendThread: Access is denied. (0x5)
[1215/214618.282:ERROR:process_reader_win.cc(151)] SuspendThread: Access is denied. (0x5)
[1215/214618.282:ERROR:process_reader_win.cc(151)] SuspendThread: Access is denied. (0x5)
[1215/214618.282:ERROR:process_reader_win.cc(151)] SuspendThread: Access is denied. (0x5)
[1215/214618.282:ERROR:process_reader_win.cc(151)] SuspendThread: Access is denied. (0x5)
[1215/214618.282:ERROR:process_reader_win.cc(123)] NtOpenThread: {Access Denied} A process has requested access to an object, but has not been granted those access rights. (0xc0000022)
[1215/214618.282:ERROR:exception_snapshot_win.cc(99)] thread ID 28236 not found in process
[1215/214618.287:ERROR:process_reader_win.cc(151)] SuspendThread: Access is denied. (0x5)
[1215/214618.287:ERROR:process_reader_win.cc(151)] SuspendThread: Access is denied. (0x5)
[1215/214618.287:ERROR:process_reader_win.cc(151)] SuspendThread: Access is denied. (0x5)
[1215/214618.287:ERROR:process_reader_win.cc(151)] SuspendThread: Access is denied. (0x5)
[1215/214618.287:ERROR:process_reader_win.cc(151)] SuspendThread: Access is denied. (0x5)
[1215/214618.287:ERROR:process_reader_win.cc(151)] SuspendThread: Access is denied. (0x5)
[1215/214618.287:ERROR:process_reader_win.cc(123)] NtOpenThread: {Access Denied} A process has requested access to an object, but has not been granted those access rights. (0xc0000022)
[1215/214618.287:ERROR:exception_snapshot_win.cc(99)] thread ID 32860 not found in process
[1215/214618.357:ERROR:process_reader_win.cc(151)] SuspendThread: Access is denied. (0x5)
[1215/214618.357:ERROR:process_reader_win.cc(151)] SuspendThread: Access is denied. (0x5)
[1215/214618.357:ERROR:process_reader_win.cc(151)] SuspendThread: Access is denied. (0x5)
[1215/214618.357:ERROR:process_reader_win.cc(151)] SuspendThread: Access is denied. (0x5)
[1215/214618.357:ERROR:process_reader_win.cc(151)] SuspendThread: Access is denied. (0x5)
[1215/214618.357:ERROR:process_reader_win.cc(123)] NtOpenThread: {Access Denied} A process has requested access to an object, but has not been granted those access rights. (0xc0000022)
[1215/214618.357:ERROR:exception_snapshot_win.cc(99)] thread ID 21988 not found in process
[1217/080726.895:ERROR:directory_reader_win.cc(43)] FindFirstFile: The system cannot find the path specified. (0x3)
[1218/180023.921:ERROR:directory_reader_win.cc(43)] FindFirstFile: The system cannot find the path specified. (0x3)
[1225/142003.520:ERROR:directory_reader_win.cc(43)] FindFirstFile: The system cannot find the path specified. (0x3)
[0104/160632.207:ERROR:directory_reader_win.cc(43)] FindFirstFile: The system cannot find the path specified. (0x3)
[0105/211916.997:ERROR:filesystem_win.cc(129)] GetFileAttributes C:\Users\jsaid\AppData\Local\Google\Chrome\User Data\Crashpad\attachments\00361a12-4122-4f0c-bc0d-2589b29526e1: The system cannot find the path specified. (0x3)
[0106/182922.067:ERROR:directory_reader_win.cc(43)] FindFirstFile: The system cannot find the path specified. (0x3)
